<?xml version="1.0" encoding="UTF-8"?>
<testng-results skipped="0" failed="0" ignored="0" total="1" passed="1">
  <reporter-output>
  </reporter-output>
  <suite name="Default suite" duration-ms="5099" started-at="2023-01-21T11:55:07 EST" finished-at="2023-01-21T11:55:12 EST">
    <groups>
    </groups>
    <test name="Default test" duration-ms="5099" started-at="2023-01-21T11:55:07 EST" finished-at="2023-01-21T11:55:12 EST">
      <class name="org.mercury.tours.hardcoded.HardCodedClass">
        <test-method status="PASS" signature="userRegistration()[pri:0, instance:org.mercury.tours.hardcoded.HardCodedClass@ea1a8d5]" name="userRegistration" duration-ms="5058" started-at="2023-01-21T11:55:07 EST" finished-at="2023-01-21T11:55:12 EST">
          <reporter-output>
          </reporter-output>
        </test-method> <!-- userRegistration -->
      </class> <!-- org.mercury.tours.hardcoded.HardCodedClass -->
    </test> <!-- Default test -->
  </suite> <!-- Default suite -->
</testng-results>
